Thời điểm xảy ra lỗi: 04:29:14 PM
Chi tiết lỗi: [group_chat: BOT Test App Zalo - sender_name: Cá Nokia] Respose Api = True. Content Message: alo
-------------------------------------------
Thời điểm xảy ra lỗi: 04:29:15 PM
Chi tiết lỗi: [group_chat: BOT Test App Zalo - sender_name: Cá Nokia] Respose Api = True. Content Message: test tin nhắn ngắn
-------------------------------------------
Thời điểm xảy ra lỗi: 04:29:15 PM
Chi tiết lỗi: [group_chat: BOT Test App Zalo - sender_name: Cá Nokia] Respose Api = True. Content Message: Đề : 50.52.54.56.58 x 25n. 03 x 50n. Đầu đít 0 x 10n. Kép x 10n. 232 x 15n. 
Lô : 99 x 20n. 44 x 10n, 07.66.87 x 30n, 
Xg2:07.66.87 x 100n. 
354 x 20n. Lô 82 x 200d
Lô : 080 x 5n. 090.343.010 x 5n. 373.595.353.97.19 x 5n. 
Đề : 090.343.010.080.00 x 20n.  Bộ 74 x 10n. Đầu 5 x 10n. Kép x 10n, 010.070 x 10n. 393.77 x 10n. 
Xien:
28,78x500n 07,70x500n 12,15x500n 12,36x500n 12,65x500n 12,66x500n 12,68x500n 12,86x500n 15,36x500n 15,65x500n 15,68x500n 15,86x500n 17,71x500n 36,65x500n 36,68x500n 36,86x500n 65,66x500n 65,68x500n 65,86x500n 07,17x500n 07,71x500n 17,70x500n 70,71x500n 04,29x500n 04,35x500n 04,91x500n 29,35x500n 29,91x500n 35,42x500n 35,53x500n 35,55x500n 35,91x500n 42,53x500n 42,55x500n 53,55x500n 04,40x340n 23,32x300n 23,57x300n 23,75x300n 32,57x300n 32,75x300n 24,59x270n 32,98x270n 42,59x270n 57,75x240n 38,83x195n 21,41x170n 20,38x170n 20,83x170n 02,20x170n 02,38x170n 02,83x170n 41,59x170n 21,42x100n 01,25x100n 01,52x100n 10,25x100n 10,52x100n 13,86x100n 38,58x25n 38,85x25n 58,83x25n 58,85x25n 83,85x25n 30,81x20n 43,78x20n 01,23x10n 17,23x10n 01,17x10n 01,92x10n 17,92x10n 23,92x10n
lo 85 87 88 89 x50n
Xien:
23,32x300n 10,23x50n 01,23x50n 01,23,32x50n 01,32x50n 10,23,32x50n 10,32x50n 19,23x50n 19,23,32x50n 19,32x50n 22,23x50n 22,23,32x50n 22,32x50n 23,32,33x50n 23,33x50n 23,91x50n 32,33x50n 32,91x50n
Xien:11,82x500n
Xien:
11,82x500n 11,95x500n 11,82,95x300n 82,95x300n 22,54,70x250n 19,91x100n 40,51x100n 40,51,95x100n 40,95x100n 51,95x100n 23,39,41x70n 23,32x60n 45,54x50n 19,23x50n 19,23,32x50n 19,32x50n 23,32,91x50n 23,91x50n 32,91x50n 02,76,95x50n 11,23,32x50n 19,23,91x50n 19,32,91x50n 19,45x50n 19,45,54x50n 19,45,91x50n 19,54x50n 19,54,91x50n 45,54,91x50n 45,91x50n 54,91x50n 23,39x20n 23,41x20n 39,41x20n
T9
-------------------------------------------
Thời điểm xảy ra lỗi: 04:29:15 PM
Chi tiết lỗi: [group_chat: BOT Test App Zalo - sender_name: Cá Nokia] Respose Api = True. Content Message: Đề : 50.52.54.56.58 x 25n. 03 x 50n. Đầu đít 0 x 10n. Kép x 10n. 232 x 15n. 
Lô : 99 x 20n. 44 x 10n, 07.66.87 x 30n, 
Xg2:07.66.87 x 100n. 
354 x 20n. Lô 82 x 200d
Lô : 080 x 5n. 090.343.010 x 5n. 373.595.353.97.19 x 5n. 
Đề : 090.343.010.080.00 x 20n.  Bộ 74 x 10n. Đầu 5 x 10n. Kép x 10n, 010.070 x 10n. 393.77 x 10n. 
Xien:
28,78x500n 07,70x500n 12,15x500n 12,36x500n 12,65x500n 12,66x500n 12,68x500n 12,86x500n 15,36x500n 15,65x500n 15,68x500n 15,86x500n 17,71x500n 36,65x500n 36,68x500n 36,86x500n 65,66x500n 65,68x500n 65,86x500n 07,17x500n 07,71x500n 17,70x500n 70,71x500n 04,29x500n 04,35x500n 04,91x500n 29,35x500n 29,91x500n 35,42x500n 35,53x500n 35,55x500n 35,91x500n 42,53x500n 42,55x500n 53,55x500n 04,40x340n 23,32x300n 23,57x300n 23,75x300n 32,57x300n 32,75x300n 24,59x270n 32,98x270n 42,59x270n 57,75x240n 38,83x195n 21,41x170n 20,38x170n 20,83x170n 02,20x170n 02,38x170n 02,83x170n 41,59x170n 21,42x100n 01,25x100n 01,52x100n 10,25x100n 10,52x100n 13,86x100n 38,58x25n 38,85x25n 58,83x25n 58,85x25n 83,85x25n 30,81x20n 43,78x20n 01,23x10n 17,23x10n 01,17x10n 01,92x10n 17,92x10n 23,92x10n
lo 85 87 88 89 x50n
Xien:
23,32x300n 10,23x50n 01,23x50n 01,23,32x50n 01,32x50n 10,23,32x50n 10,32x50n 19,23x50n 19,23,32x50n 19,32x50n 22,23x50n 22,23,32x50n 22,32x50n 23,32,33x50n 23,33x50n 23,91x50n 32,33x50n 32,91x50n
Xien:11,82x500n
Xien:
11,82x500n 11,95x500n 11,82,95x300n 82,95x300n 22,54,70x250n 19,91x100n 40,51x100n 40,51,95x100n 40,95x100n 51,95x100n 23,39,41x70n 23,32x60n 45,54x50n 19,23x50n 19,23,32x50n 19,32x50n 23,32,91x50n 23,91x50n 32,91x50n 02,76,95x50n 11,23,32x50n 19,23,91x50n 19,32,91x50n 19,45x50n 19,45,54x50n 19,45,91x50n 19,54x50n 19,54,91x50n 45,54,91x50n 45,91x50n 54,91x50n 23,39x20n 23,41x20n 39,41x20n
T9
-------------------------------------------
Thời điểm xảy ra lỗi: 04:29:15 PM
Chi tiết lỗi: [group_chat: BOT Test App Zalo - sender_name: Anh Tùng] Respose Api = True. Content Message: Đề : 50.52.54.56.58 x 25n. 03 x 50n. Đầu đít 0 x 10n. Kép x 10n. 232 x 15n. 
Lô : 99 x 20n. 44 x 10n, 07.66.87 x 30n, 
Xg2:07.66.87 x 100n. 
354 x 20n. Lô 82 x 200d
Lô : 080 x 5n. 090.343.010 x 5n. 373.595.353.97.19 x 5n. 
Đề : 090.343.010.080.00 x 20n.  Bộ 74 x 10n. Đầu 5 x 10n. Kép x 10n, 010.070 x 10n. 393.77 x 10n. 
Xien:
28,78x500n 07,70x500n 12,15x500n 12,36x500n 12,65x500n 12,66x500n 12,68x500n 12,86x500n 15,36x500n 15,65x500n 15,68x500n 15,86x500n 17,71x500n 36,65x500n 36,68x500n 36,86x500n 65,66x500n 65,68x500n 65,86x500n 07,17x500n 07,71x500n 17,70x500n 70,71x500n 04,29x500n 04,35x500n 04,91x500n 29,35x500n 29,91x500n 35,42x500n 35,53x500n 35,55x500n 35,91x500n 42,53x500n 42,55x500n 53,55x500n 04,40x340n 23,32x300n 23,57x300n 23,75x300n 32,57x300n 32,75x300n 24,59x270n 32,98x270n 42,59x270n 57,75x240n 38,83x195n 21,41x170n 20,38x170n 20,83x170n 02,20x170n 02,38x170n 02,83x170n 41,59x170n 21,42x100n 01,25x100n 01,52x100n 10,25x100n 10,52x100n 13,86x100n 38,58x25n 38,85x25n 58,83x25n 58,85x25n 83,85x25n 30,81x20n 43,78x20n 01,23x10n 17,23x10n 01,17x10n 01,92x10n 17,92x10n 23,92x10n
lo 85 87 88 89 x50n
Xien:
23,32x300n 10,23x50n 01,23x50n 01,23,32x50n 01,32x50n 10,23,32x50n 10,32x50n 19,23x50n 19,23,32x50n 19,32x50n 22,23x50n 22,23,32x50n 22,32x50n 23,32,33x50n 23,33x50n 23,91x50n 32,33x50n 32,91x50n
Xien:11,82x500n
Xien:
11,82x500n 11,95x500n 11,82,95x300n 82,95x300n 22,54,70x250n 19,91x100n 40,51x100n 40,51,95x100n 40,95x100n 51,95x100n 23,39,41x70n 23,32x60n 45,54x50n 19,23x50n 19,23,32x50n 19,32x50n 23,32,91x50n 23,91x50n 32,91x50n 02,76,95x50n 11,23,32x50n 19,23,91x50n 19,32,91x50n 19,45x50n 19,45,54x50n 19,45,91x50n 19,54x50n 19,54,91x50n 45,54,91x50n 45,91x50n 54,91x50n 23,39x20n 23,41x20n 39,41x20n
T9
-------------------------------------------
Thời điểm xảy ra lỗi: 04:29:15 PM
Chi tiết lỗi: [group_chat: BOT Test App Zalo - sender_name: Anh Tùng] Respose Api = True. Content Message: Cường thử giúp anh xem 1 tin dài này
-------------------------------------------
Thời điểm xảy ra lỗi: 04:29:15 PM
Chi tiết lỗi: [group_chat: BOT Test App Zalo - sender_name: Anh Tùng] Respose Api = True. Content Message: gửi có bị lỗi không em nhé
-------------------------------------------
Thời điểm xảy ra lỗi: 04:29:15 PM
Chi tiết lỗi: [group_chat: BOT Test App Zalo - sender_name: Anh Tùng] Respose Api = True. Content Message: Oki e
-------------------------------------------
Thời điểm xảy ra lỗi: 04:29:16 PM
Chi tiết lỗi: [group_chat: BOT Test App Zalo - sender_name: Anh Tùng] Respose Api = True. Content Message: Em tat app di
-------------------------------------------
Thời điểm xảy ra lỗi: 04:29:16 PM
Chi tiết lỗi: [group_chat: BOT Test App Zalo - sender_name: Anh Tùng] Respose Api = True. Content Message: Gui anh ban moi
-------------------------------------------
Thời điểm xảy ra lỗi: 04:29:16 PM
Chi tiết lỗi: [group_chat: BOT Test App Zalo - sender_name: Anh Tùng] Respose Api = True. Content Message: La ok
-------------------------------------------
Thời điểm xảy ra lỗi: 04:29:30 PM
Chi tiết lỗi: [group_chat: BOT Test App Zalo - sender_name: Cá Nokia] Respose Api = True. Content Message: alo
-------------------------------------------
